0 info it worked if it ends with ok
1 verbose cli [ '/usr/local/bin/node',
1 verbose cli   '/usr/local/bin/npm',
1 verbose cli   'i',
1 verbose cli   '../myOwnModule',
1 verbose cli   '--save' ]
2 info using npm@3.10.9
3 info using node@v6.9.2
4 silly loadCurrentTree Starting
5 silly install loadCurrentTree
6 silly install readLocalPackageData
7 silly fetchPackageMetaData ../myOwnModule
8 silly fetchOtherPackageData ../myOwnModule
9 silly cache add args [ '../myOwnModule', null ]
10 verbose cache add spec ../myOwnModule
11 silly cache add parsed spec Result {
11 silly cache add   raw: '../myOwnModule',
11 silly cache add   scope: null,
11 silly cache add   escapedName: null,
11 silly cache add   name: null,
11 silly cache add   rawSpec: '../myOwnModule',
11 silly cache add   spec: '/Users/imtloaner317/Desktop/practice/myOwnModule',
11 silly cache add   type: 'local' }
12 error addLocal Could not install /Users/imtloaner317/Desktop/practice/myOwnModule
13 silly fetchPackageMetaData Error: ENOENT: no such file or directory, open '/Users/imtloaner317/Desktop/practice/myOwnModule'
13 silly fetchPackageMetaData     at Error (native)
13 silly fetchPackageMetaData  error for ../myOwnModule { Error: ENOENT: no such file or directory, open '/Users/imtloaner317/Desktop/practice/myOwnModule'
13 silly fetchPackageMetaData     at Error (native)
13 silly fetchPackageMetaData   errno: -2,
13 silly fetchPackageMetaData   code: 'ENOENT',
13 silly fetchPackageMetaData   syscall: 'open',
13 silly fetchPackageMetaData   path: '/Users/imtloaner317/Desktop/practice/myOwnModule' }
14 silly rollbackFailedOptional Starting
15 silly rollbackFailedOptional Finishing
16 silly runTopLevelLifecycles Finishing
17 silly install printInstalled
18 verbose stack Error: ENOENT: no such file or directory, open '/Users/imtloaner317/Desktop/practice/myOwnModule'
18 verbose stack     at Error (native)
19 verbose cwd /Users/imtloaner317/Desktop/practice/nodeREPLSnippets
20 error Darwin 15.6.0
21 error argv "/usr/local/bin/node" "/usr/local/bin/npm" "i" "../myOwnModule" "--save"
22 error node v6.9.2
23 error npm  v3.10.9
24 error path /Users/imtloaner317/Desktop/practice/myOwnModule
25 error code ENOENT
26 error errno -2
27 error syscall open
28 error enoent ENOENT: no such file or directory, open '/Users/imtloaner317/Desktop/practice/myOwnModule'
29 error enoent ENOENT: no such file or directory, open '/Users/imtloaner317/Desktop/practice/myOwnModule'
29 error enoent This is most likely not a problem with npm itself
29 error enoent and is related to npm not being able to find a file.
30 verbose exit [ -2, true ]
